<?xml version="1.0" encoding="UTF-8"?>
<!-- Generated by org.testng.reporters.JUnitReportReporter -->
<testsuite skipped="0" hostname="VishalKumar-Ja" name="com.jmeterapi.projectone.TestClass2" tests="1" failures="0" timestamp="2020-07-24T20:46:10 IST" time="2.817" errors="0">
  <testcase name="getListofUsers3" time="2.817" classname="com.jmeterapi.projectone.TestClass2"/>
  <system-out/>
</testsuite> <!-- com.jmeterapi.projectone.TestClass2 -->
