<?xml version="1.0" encoding="UTF-8"?>
<!-- Generated by org.testng.reporters.JUnitReportReporter -->
<testsuite skipped="0" hostname="VishalKumar-Ja" name="com.jmeterapi.projectone.TestClass1" tests="2" failures="0" timestamp="2020-07-24T20:16:32 IST" time="1.827" errors="0">
  <testcase name="voidgetListofUsers1" time="0.162" classname="com.jmeterapi.projectone.TestClass1"/>
  <system-out/>
  <testcase name="getListofUsers" time="1.665" classname="com.jmeterapi.projectone.TestClass1"/>
  <system-out/>
</testsuite> <!-- com.jmeterapi.projectone.TestClass1 -->
